0 info it worked if it ends with ok
1 verbose cli [ '/usr/bin/nodejs', '/usr/bin/npm', 'start' ]
2 info using npm@3.10.10
3 info using node@v6.9.4
4 verbose run-script [ 'prestart', 'start', 'poststart' ]
5 info lifecycle messenger-get-started@1.0.0~prestart: messenger-get-started@1.0.0
6 silly lifecycle messenger-get-started@1.0.0~prestart: no script for prestart, continuing
7 info lifecycle messenger-get-started@1.0.0~start: messenger-get-started@1.0.0
8 verbose lifecycle messenger-get-started@1.0.0~start: unsafe-perm in lifecycle true
9 verbose lifecycle messenger-get-started@1.0.0~start: PATH: /usr/lib/node_modules/npm/bin/node-gyp-bin:/home/j/code/iw/iliaria/v0/node/node_modules/.bin:/home/j/.rvm/gems/ruby-2.3.1/bin:/home/j/.rvm/gems/ruby-2.3.1@global/bin:/home/j/.rvm/rubies/ruby-2.3.1/bin:/home/j/.npm-global/bin:/usr/local/heroku/bin:/home/j/.npm-global/bin:/usr/local/sbin:/usr/local/bin:/usr/sbin:/usr/bin:/sbin:/bin:/usr/games:/usr/local/games:/snap/bin:/usr/lib/jvm/java-8-oracle/bin:/usr/lib/jvm/java-8-oracle/db/bin:/usr/lib/jvm/java-8-oracle/jre/bin:/home/j/.rvm/bin:/snap/bin:/usr/lib/jvm/java-8-oracle/bin:/usr/lib/jvm/java-8-oracle/db/bin:/usr/lib/jvm/java-8-oracle/jre/bin:/home/j/.rvm/bin:/home/j/.rvm/bin
10 verbose lifecycle messenger-get-started@1.0.0~start: CWD: /home/j/code/iw/iliaria/v0/node
11 silly lifecycle messenger-get-started@1.0.0~start: Args: [ '-c', 'node app.js' ]
12 silly lifecycle messenger-get-started@1.0.0~start: Returned: code: 1  signal: null
13 info lifecycle messenger-get-started@1.0.0~start: Failed to exec start script
14 verbose stack Error: messenger-get-started@1.0.0 start: `node app.js`
14 verbose stack Exit status 1
14 verbose stack     at EventEmitter.<anonymous> (/usr/lib/node_modules/npm/lib/utils/lifecycle.js:255:16)
14 verbose stack     at emitTwo (events.js:106:13)
14 verbose stack     at EventEmitter.emit (events.js:191:7)
14 verbose stack     at ChildProcess.<anonymous> (/usr/lib/node_modules/npm/lib/utils/spawn.js:40:14)
14 verbose stack     at emitTwo (events.js:106:13)
14 verbose stack     at ChildProcess.emit (events.js:191:7)
14 verbose stack     at maybeClose (internal/child_process.js:877:16)
14 verbose stack     at Process.ChildProcess._handle.onexit (internal/child_process.js:226:5)
15 verbose pkgid messenger-get-started@1.0.0
16 verbose cwd /home/j/code/iw/iliaria/v0/node
17 error Linux 4.4.0-66-generic
18 error argv "/usr/bin/nodejs" "/usr/bin/npm" "start"
19 error node v6.9.4
20 error npm  v3.10.10
21 error code ELIFECYCLE
22 error messenger-get-started@1.0.0 start: `node app.js`
22 error Exit status 1
23 error Failed at the messenger-get-started@1.0.0 start script 'node app.js'.
23 error Make sure you have the latest version of node.js and npm installed.
23 error If you do, this is most likely a problem with the messenger-get-started package,
23 error not with npm itself.
23 error Tell the author that this fails on your system:
23 error     node app.js
23 error You can get information on how to open an issue for this project with:
23 error     npm bugs messenger-get-started
23 error Or if that isn't available, you can get their info via:
23 error     npm owner ls messenger-get-started
23 error There is likely additional logging output above.
24 verbose exit [ 1, true ]
